<?xml version="1.0" encoding="UTF-8"?>
<testsuite name="com.mphstar.androidnative.ExampleUnitTest" tests="1" skipped="0" failures="0" errors="0" timestamp="2023-02-02T14:12:53" hostname="mphstar" time="0.004">
  <properties/>
  <testcase name="addition_isCorrect" classname="com.mphstar.androidnative.ExampleUnitTest" time="0.004"/>
  <system-out><![CDATA[]]></system-out>
  <system-err><![CDATA[]]></system-err>
</testsuite>
